 ---=== Start Migration of project DEMO_FAV ===---
 * Task [MoveHDFSAndHCatalogToHadoopFolderMigrationTask] : Applied successfully
 * Task [ResetMavenTemplateMigrationTask] : Applied successfully
 * Task [UpdateJobPomPropertiesMigrationTask] : Applied successfully
 * Task [UpdateBeansDefaultLibrariesMigrationTask 8.0.1-2023-03] : Nothing to do
 * Task [UpdateBeansLibrariesMigrationTask 7.3.1] : Nothing to do
 * Task [UpdateDistributionsForTalend8] : Nothing to do
 * Task [UpdateRemovedSparkLocalVersion] : Nothing to do
 * Task [UpdateRoutinesLibrariesMigrationTask 7.4.1] : Applied successfully
 * Task [UpdateJDBCOutputAction] : Nothing to do
 * Task [UpdateDatabricks73Version] : Nothing to do
 * Task [UpdateSpark24And23Version] : Nothing to do
 * Task [UpdateDataprocCredentialType] : Nothing to do
 * Task [UpdateDatabricksTransientCheckbox] : Nothing to do
 * Task [UpdateMongoDBVersion] : Nothing to do
 * Task [UpdateOracleDBVersion] : Nothing to do
 * Task [KafkaComponents] : Nothing to do
 * Task [Fix a problem of project resources linked to items] : Applied successfully
 * Task [NewJMSComponentMigrationTask] : Nothing to do
 * Task [AggregateStrategyMigrationTask] : Nothing to do
 * Task [RestRequestWrongCallMigrationTask] : Applied successfully
 * Task [ConsumerFaultResponseMigrationTask] : Applied successfully
 * Task [UpdateCJMSProjectTask] : Nothing to do
 * Task [UpdatecJMSMigrationTask] : Nothing to do
 * Task [cSetHeaderSupportMultiHeadersTask] : Nothing to do
 * Task [cBeanCTalendJobMigrationTask] : Nothing to do
 * Task [AddPropagateHeaderTocTalendJobMigrationTask] : Nothing to do
 * Task [DisconnectErroHandlerMigrationTask] : Nothing to do
 * Task [UpdateCXFDataFormatMigrationTask] : Nothing to do
 * Task [FinalVersionUpgradeMigrationTask] : Nothing to do
 * Task [AddSpringConfigurationMigrationTask] : Nothing to do
 * Task [PushHCatalogIntoHadoopClusterMigrationTask] : Nothing to do
 * Task [PushHDFSIntoHadoopClusterMigrationTask] : Nothing to do
 * Task [ConsumesTypeMigrationTask] : Nothing to do
 * Task [FormContentTypeMigrationTask] : Applied successfully
 * Task [cLogLoggingCategoryMigrationTask] : Nothing to do
 * Task [Rename_cJMSConnectionFactory_To_cMQConnectionFactory_MigrationTask] : Nothing to do
 * Task [UnifyPasswordEncryption4ParametersInRouteMigrationTask] : Nothing to do
 * Task [UnifyPasswordEncryption4ParametersInMRJobMigrationTask] : Nothing to do
 * Task [UnifyPasswordEncryption4MDMConnectionMigrationTask] : Nothing to do
 * Task [UnifyPasswordEncryption4NoSQLConnectionMigrationTask] : Nothing to do
 * Task [UnifyPasswordEncryption4SapConnectionMigrationTask] : Nothing to do
 * Task [SAPItemMigrationTask] : Nothing to do
 * Task [SAPComponentSchemaIdMigrationTask] : Applied successfully
 * Task [AddSpringConfigurationPropertyMigrationTask] : Nothing to do
 * Task [UpdatecSOAPServiceNamePortNameDefault] : Nothing to do
 * Task [CheckAndAddFrameworkForMapReduceJobMigrationTask] : Nothing to do
 * Task [MdmAddVersionMigrationTask] : Nothing to do
 * Task [SAPDatePatternItemMigrationTask] : Nothing to do
 * Task [SAPDatePatternComponentMigrationTask] : Nothing to do
 * Task [ChangeMongoDBConnectionMinimalVersionMigrationTask] : Nothing to do
 * Task [RemoveRouteComponentId] : Nothing to do
 * Task [UpdateRouteResourceTypeMigrationTask] : Nothing to do
 * Task [FixCassandraDataStaxDbtypesProblemMigrationTask] : Nothing to do
 * Task [RouteletProcessTypeMigrationTask] : Nothing to do
 * Task [ChangeHadoopConfJarNameMigrationTask] : Nothing to do
 * Task [AdaptDeprecatedHadoopVersionsMigrationTask] : Nothing to do
 * Task [ReviseInvalidContextNamesOfHadoopPropertiesMigrationTask] : Nothing to do
 * Task [TestCaseParentVersionMigration] : Nothing to do
 * Task [RenameToCSoapAndCRestMigrationTask] : Nothing to do
 * Task [cCXFWsdlFileRepoMigrationTask] : Nothing to do
 * Task [UpdateHadoopConfsForContextualHadoopClusterMigrationTask] : Nothing to do
 * Task [AddBeansDefaultLibrariesMigrationTask 7.4.1] : Nothing to do
 * Task [org.talend.designer.mapreduce.repository.migration.AddSupportedSparkVersionMigrationTask] : Nothing to do
 * Task [AddDefaultVersionValueToElasticsearchComponentMigrationTask] : Nothing to do
 * Task [ChangeRouteResourceItemToResourceItemTask] : Nothing to do
 * Task [AddOptionSplitableToImportHdfsFileMigrationTask] : Nothing to do
 * Task [UpdateBeansPackageReplaceMigrationTask 7.4.1-2021-09] : Nothing to do
 * Task [TestCaseRoutinesMigrationTask] : Nothing to do
 * Task [UpdateOracle18VersionSupportMigrationTask] : Nothing to do
 * Task [DBR540ToDBR550MigrationTask] : Nothing to do
 * Task [AddStandardDeviationToAggregateRowComponentMigrationTask] : Nothing to do
 * Task [AddEMRFSMetadataTableNameToS3ConfigurationMigrationTask] : Nothing to do
 * Task [AddKMSKeyIdToS3ConfigurationMigrationTask] : Nothing to do
 * Task [AddInTransitEncryptionCheckboxToS3ConfigurationMigrationTask] : Nothing to do
 * Task [AddSnowflakeAuthenticationTypeMigrationTask] : Nothing to do
 * Task [ReplaceDefaultProxyIPMigrationTask] : Nothing to do
 * Task [UpdateMQTTMigrationTask] : Nothing to do
 * Task [UpdateJavaDSLProcessorMigrationTask] : Nothing to do
 * Task [CSetHeaderExchangePropertyMigrationTask] : Nothing to do
 * Task [CSetPropertyExchangePropertyMigrationTask] : Nothing to do
 * Task [DeprecatedSimpleLanguageSyntaxMigrationTask] : Nothing to do
 * Task [RenameCamel2ToCamel3ClassesMigrationTask] : Nothing to do
 * Task [UpdatecKafkaMigrationTask] : Nothing to do
 * Task [UpdateCHTTPUriMigrationTask] : Nothing to do
 * Task [DeprecatedBodyExpressionsMigrationTask] : Nothing to do
 * Task [RemoveUnsupportedCompMigrationTask] : Nothing to do
 * Task [RemoveBeansDuplicateLibrariesMigrationTask 7.4.1] : Nothing to do
 * Task [RemoveAWSConnectionDefaultRegionMigrationTask 7.4.1] : Nothing to do
 * Task [SAPADSOConnectionTypeItemMigrationTask] : Nothing to do
 * Task [UpdateAWSConnectionRemovedRegionMigrationTask] : Nothing to do
 * Task [SAPADSOCategoryMigrationTask] : Nothing to do
 * Task [RenameHawtdbToLeveldbMigrationTask] : Nothing to do
 * Task [UpdateActionOnFileForHDFSComponentsMigrationTask] : Nothing to do
 * Task [ChangeConnectionModeHiveEMRMigrationTask] : Nothing to do
 * Task [RenameEleParaForcSQLConnectionMigrationTask] : Nothing to do
 * Task [AddDistributionForSparkMigrationTask] : Nothing to do
 * Task [AutoUpdateRelationsMigrationTask] : Applied successfully
 ---=== End of migration ===---
 ---=== Start Migration of project DEMO_FAV ===---
 * Task [RemoveUnwantedUsageDataMigrationTask] : Nothing to do
 * Task [ResetMavenTemplateMigrationTask] : Applied successfully
 * Task [UpdateBeansDefaultLibrariesMigrationTask 8.0.1-R2023-08] : Nothing to do
 * Task [CleanArtifactProxyCredentialFromPreferenceMigrationTask] : Nothing to do
 * Task [Fix a problem of project resources linked to items] : Applied successfully
 * Task [AddSpringConfigurationPropertyMigrationTask 8.0.1-R2023-08] : Nothing to do
 * Task [UpdateBeansPackageReplaceMigrationTask 8.0.1-R2023-08] : Nothing to do
 * Task [RemoveOptionsOfcMulticastMigrationTask] : Nothing to do
 * Task [ReplaceSQSCheckBoxWithDropDownListMigrationTask] : Nothing to do
 * Task [FunctionParameterNameMigrationTask] : Nothing to do
 * Task [AutoUpdateRelationsMigrationTask] : Applied successfully
 ---=== End of migration ===---
 ---=== Start Migration of project DEMO_FAV ===---
 * Task [ResetMavenTemplateMigrationTask] : Applied successfully
 * Task [UpdateBeansDefaultLibrariesMigrationTask 8.0.1-R2023-09] : Nothing to do
 * Task [UpdateElasticSearchVersion] : Nothing to do
 * Task [Fix a problem of project resources linked to items] : Applied successfully
 * Task [JiraTcompv0ToTCKMigrationTask] : Nothing to do
 * Task [SplunkTcompv0ToTCKMigrationTask] : Nothing to do
 * Task [ChangeDefaultValueLocalFileCopyInPostgresql] : Nothing to do
 * Task [UpdateDynamicSettingsForEsbComponents] : Nothing to do
 * Task [AutoUpdateRelationsMigrationTask] : Applied successfully
 ---=== End of migration ===---
 ---=== Start Migration of project DEMO_FAV ===---
 * Task [ResetMavenTemplateMigrationTask] : Applied successfully
 * Task [RenameDBTypeInProjectSettingsMigrationTask] : Applied successfully
 * Task [HiveComponentUpdateConnectionMode] : Nothing to do
 * Task [ChangePostgresPlusDBType4ProjectSettingsMigrationTask] : Nothing to do
 * Task [Fix a problem of project resources linked to items] : Applied successfully
 * Task [NewTckJDBCMigrationTask] : Applied successfully
 * Task [GenericJDBCConnectionsToTacokitJDBCMigrationTask] : Applied successfully
 * Task [UnifyPostgresPlusComponentsToReusePostgres] : Nothing to do
 * Task [ReplaceBackSlashWithSlashInGSPut] : Applied successfully
 * Task [RenameDBTypeInJobSettingsMigrationTask] : Applied successfully
 * Task [ChangeToPostgresInJobSettingsMigrationTask] : Nothing to do
 * Task [ReplacePostgresPlusConnectionByPostgresConnectionMigrationTask] : Nothing to do
 * Task [RevertSAPContextModeAdditionalPropMigrationTask] : Nothing to do
 * Task [AutoUpdateRelationsMigrationTask] : Applied successfully
 ---=== End of migration ===---
 ---=== Start Migration of project DEMO_FAV ===---
 * Task [ResetMavenTemplateMigrationTask] : Applied successfully
 * Task [DeleteWork_MapDBFolderMigrationTask] : Applied successfully
 * Task [Fix a problem of project resources linked to items] : Applied successfully
 * Task [UpdateTDataQualityRulesWebAppTask] : Nothing to do
 * Task [AutoUpdateRelationsMigrationTask] : Applied successfully
 ---=== End of migration ===---
